[0.377s] DEBUG:colcon:Command line arguments: ['/usr/bin/colcon', 'build', '--packages-select', 'ur_dev_bringup']
[0.377s] DEBUG:colcon:Parsed command line arguments: Namespace(log_base=None, log_level=None, verb_name='build', build_base='build', install_base='install', merge_install=False, symlink_install=False, test_result_base=None, continue_on_error=False, executor='parallel', parallel_workers=6, event_handlers=None, ignore_user_meta=False, metas=['./colcon.meta'], base_paths=['.'], packages_ignore=None, packages_ignore_regex=None, paths=None, packages_up_to=None, packages_up_to_regex=None, packages_above=None, packages_above_and_dependencies=None, packages_above_depth=None, packages_select_by_dep=None, packages_skip_by_dep=None, packages_skip_up_to=None, packages_select_build_failed=False, packages_skip_build_finished=False, packages_select_test_failures=False, packages_skip_test_passed=False, packages_select=['ur_dev_bringup'], packages_skip=None, packages_select_regex=None, packages_skip_regex=None, packages_start=None, packages_end=None, allow_overriding=[], cmake_args=None, cmake_target=None, cmake_target_skip_unavailable=False, cmake_clean_cache=False, cmake_clean_first=False, cmake_force_configure=False, ament_cmake_args=None, catkin_cmake_args=None, catkin_skip_building_tests=False, verb_parser=<colcon_defaults.argument_parser.defaults.DefaultArgumentsDecorator object at 0xffff9ef77f40>, verb_extension=<colcon_core.verb.build.BuildVerb object at 0xffff9ef779d0>, main=<bound method BuildVerb.main of <colcon_core.verb.build.BuildVerb object at 0xffff9ef779d0>>)
[1.191s] Level 1:colcon.colcon_core.package_discovery:discover_packages(colcon_meta) check parameters
[1.192s] Level 1:colcon.colcon_core.package_discovery:discover_packages(recursive) check parameters
[1.192s] Level 1:colcon.colcon_core.package_discovery:discover_packages(ignore) check parameters
[1.192s] Level 1:colcon.colcon_core.package_discovery:discover_packages(path) check parameters
[1.192s] Level 1:colcon.colcon_core.package_discovery:discover_packages(colcon_meta) discover
[1.193s] Level 1:colcon.colcon_core.package_discovery:discover_packages(recursive) discover
[1.193s] INFO:colcon.colcon_core.package_discovery:Crawling recursively for packages in '/home/jetson/ur_ws'
[1.193s] Level 1:colcon.colcon_core.package_identification:_identify(.) by extensions ['ignore', 'ignore_ament_install']
[1.193s] Level 1:colcon.colcon_core.package_identification:_identify(.) by extension 'ignore'
[1.193s] Level 1:colcon.colcon_core.package_identification:_identify(.) by extension 'ignore_ament_install'
[1.194s] Level 1:colcon.colcon_core.package_identification:_identify(.) by extensions ['colcon_pkg']
[1.194s] Level 1:colcon.colcon_core.package_identification:_identify(.) by extension 'colcon_pkg'
[1.194s] Level 1:colcon.colcon_core.package_identification:_identify(.) by extensions ['colcon_meta']
[1.194s] Level 1:colcon.colcon_core.package_identification:_identify(.) by extension 'colcon_meta'
[1.194s] Level 1:colcon.colcon_core.package_identification:_identify(.) by extensions ['ros']
[1.194s] Level 1:colcon.colcon_core.package_identification:_identify(.) by extension 'ros'
[1.232s] Level 1:colcon.colcon_core.package_identification:_identify(.) by extensions ['cmake', 'python']
[1.233s] Level 1:colcon.colcon_core.package_identification:_identify(.) by extension 'cmake'
[1.233s] Level 1:colcon.colcon_core.package_identification:_identify(.) by extension 'python'
[1.233s] Level 1:colcon.colcon_core.package_identification:_identify(.) by extensions ['python_setup_py']
[1.233s] Level 1:colcon.colcon_core.package_identification:_identify(.) by extension 'python_setup_py'
[1.233s] Level 1:colcon.colcon_core.package_identification:_identify(build) by extensions ['ignore', 'ignore_ament_install']
[1.234s] Level 1:colcon.colcon_core.package_identification:_identify(build) by extension 'ignore'
[1.234s] Level 1:colcon.colcon_core.package_identification:_identify(build) ignored
[1.234s] Level 1:colcon.colcon_core.package_identification:_identify(install) by extensions ['ignore', 'ignore_ament_install']
[1.234s] Level 1:colcon.colcon_core.package_identification:_identify(install) by extension 'ignore'
[1.235s] Level 1:colcon.colcon_core.package_identification:_identify(install) ignored
[1.235s] Level 1:colcon.colcon_core.package_identification:_identify(log) by extensions ['ignore', 'ignore_ament_install']
[1.235s] Level 1:colcon.colcon_core.package_identification:_identify(log) by extension 'ignore'
[1.235s] Level 1:colcon.colcon_core.package_identification:_identify(log) ignored
[1.235s] Level 1:colcon.colcon_core.package_identification:_identify(src) by extensions ['ignore', 'ignore_ament_install']
[1.236s] Level 1:colcon.colcon_core.package_identification:_identify(src) by extension 'ignore'
[1.236s] Level 1:colcon.colcon_core.package_identification:_identify(src) by extension 'ignore_ament_install'
[1.236s] Level 1:colcon.colcon_core.package_identification:_identify(src) by extensions ['colcon_pkg']
[1.236s] Level 1:colcon.colcon_core.package_identification:_identify(src) by extension 'colcon_pkg'
[1.236s] Level 1:colcon.colcon_core.package_identification:_identify(src) by extensions ['colcon_meta']
[1.236s] Level 1:colcon.colcon_core.package_identification:_identify(src) by extension 'colcon_meta'
[1.236s] Level 1:colcon.colcon_core.package_identification:_identify(src) by extensions ['ros']
[1.236s] Level 1:colcon.colcon_core.package_identification:_identify(src) by extension 'ros'
[1.237s] Level 1:colcon.colcon_core.package_identification:_identify(src) by extensions ['cmake', 'python']
[1.237s] Level 1:colcon.colcon_core.package_identification:_identify(src) by extension 'cmake'
[1.237s] Level 1:colcon.colcon_core.package_identification:_identify(src) by extension 'python'
[1.237s] Level 1:colcon.colcon_core.package_identification:_identify(src) by extensions ['python_setup_py']
[1.237s] Level 1:colcon.colcon_core.package_identification:_identify(src) by extension 'python_setup_py'
[1.237s] Level 1:colcon.colcon_core.package_identification:_identify(src/ur_dev_bringup) by extensions ['ignore', 'ignore_ament_install']
[1.237s] Level 1:colcon.colcon_core.package_identification:_identify(src/ur_dev_bringup) by extension 'ignore'
[1.238s] Level 1:colcon.colcon_core.package_identification:_identify(src/ur_dev_bringup) by extension 'ignore_ament_install'
[1.238s] Level 1:colcon.colcon_core.package_identification:_identify(src/ur_dev_bringup) by extensions ['colcon_pkg']
[1.238s] Level 1:colcon.colcon_core.package_identification:_identify(src/ur_dev_bringup) by extension 'colcon_pkg'
[1.238s] Level 1:colcon.colcon_core.package_identification:_identify(src/ur_dev_bringup) by extensions ['colcon_meta']
[1.238s] Level 1:colcon.colcon_core.package_identification:_identify(src/ur_dev_bringup) by extension 'colcon_meta'
[1.238s] Level 1:colcon.colcon_core.package_identification:_identify(src/ur_dev_bringup) by extensions ['ros']
[1.238s] Level 1:colcon.colcon_core.package_identification:_identify(src/ur_dev_bringup) by extension 'ros'
[1.249s] DEBUG:colcon.colcon_core.package_identification:Package 'src/ur_dev_bringup' with type 'ros.ament_python' and name 'ur_dev_bringup'
[1.249s] Level 1:colcon.colcon_core.package_discovery:discover_packages(recursive) using defaults
[1.249s] Level 1:colcon.colcon_core.package_discovery:discover_packages(ignore) discover
[1.249s] Level 1:colcon.colcon_core.package_discovery:discover_packages(ignore) using defaults
[1.249s] Level 1:colcon.colcon_core.package_discovery:discover_packages(path) discover
[1.249s] Level 1:colcon.colcon_core.package_discovery:discover_packages(path) using defaults
[1.348s] Level 1:colcon.colcon_core.package_discovery:discover_packages(prefix_path) check parameters
[1.348s] Level 1:colcon.colcon_core.package_discovery:discover_packages(prefix_path) discover
[1.357s] DEBUG:colcon.colcon_installed_package_information.package_discovery:Found 1 installed packages in /home/jetson/ur_ws/install
[1.396s] DEBUG:colcon.colcon_installed_package_information.package_discovery:Found 353 installed packages in /opt/ros/humble
[1.398s] Level 1:colcon.colcon_core.package_discovery:discover_packages(prefix_path) using defaults
[1.486s] Level 5:colcon.colcon_core.verb:set package 'ur_dev_bringup' build argument 'cmake_args' from command line to 'None'
[1.487s] Level 5:colcon.colcon_core.verb:set package 'ur_dev_bringup' build argument 'cmake_target' from command line to 'None'
[1.487s] Level 5:colcon.colcon_core.verb:set package 'ur_dev_bringup' build argument 'cmake_target_skip_unavailable' from command line to 'False'
[1.487s] Level 5:colcon.colcon_core.verb:set package 'ur_dev_bringup' build argument 'cmake_clean_cache' from command line to 'False'
[1.487s] Level 5:colcon.colcon_core.verb:set package 'ur_dev_bringup' build argument 'cmake_clean_first' from command line to 'False'
[1.487s] Level 5:colcon.colcon_core.verb:set package 'ur_dev_bringup' build argument 'cmake_force_configure' from command line to 'False'
[1.487s] Level 5:colcon.colcon_core.verb:set package 'ur_dev_bringup' build argument 'ament_cmake_args' from command line to 'None'
[1.487s] Level 5:colcon.colcon_core.verb:set package 'ur_dev_bringup' build argument 'catkin_cmake_args' from command line to 'None'
[1.487s] Level 5:colcon.colcon_core.verb:set package 'ur_dev_bringup' build argument 'catkin_skip_building_tests' from command line to 'False'
[1.487s] DEBUG:colcon.colcon_core.verb:Building package 'ur_dev_bringup' with the following arguments: {'ament_cmake_args': None, 'build_base': '/home/jetson/ur_ws/build/ur_dev_bringup', 'catkin_cmake_args': None, 'catkin_skip_building_tests': False, 'cmake_args': None, 'cmake_clean_cache': False, 'cmake_clean_first': False, 'cmake_force_configure': False, 'cmake_target': None, 'cmake_target_skip_unavailable': False, 'install_base': '/home/jetson/ur_ws/install/ur_dev_bringup', 'merge_install': False, 'path': '/home/jetson/ur_ws/src/ur_dev_bringup', 'symlink_install': False, 'test_result_base': None}
[1.487s] INFO:colcon.colcon_core.executor:Executing jobs using 'parallel' executor
[1.490s] DEBUG:colcon.colcon_parallel_executor.executor.parallel:run_until_complete
[1.490s] INFO:colcon.colcon_ros.task.ament_python.build:Building ROS package in '/home/jetson/ur_ws/src/ur_dev_bringup' with build type 'ament_python'
[1.491s] Level 1:colcon.colcon_core.shell:create_environment_hook('ur_dev_bringup', 'ament_prefix_path')
[1.503s] INFO:colcon.colcon_core.plugin_system:Skipping extension 'colcon_core.shell.bat': Not used on non-Windows systems
[1.504s] INFO:colcon.colcon_core.shell:Creating environment hook '/home/jetson/ur_ws/install/ur_dev_bringup/share/ur_dev_bringup/hook/ament_prefix_path.ps1'
[1.506s] INFO:colcon.colcon_core.shell:Creating environment descriptor '/home/jetson/ur_ws/install/ur_dev_bringup/share/ur_dev_bringup/hook/ament_prefix_path.dsv'
[1.509s] INFO:colcon.colcon_core.shell:Creating environment hook '/home/jetson/ur_ws/install/ur_dev_bringup/share/ur_dev_bringup/hook/ament_prefix_path.sh'
[1.511s] INFO:colcon.colcon_core.shell:Skip shell extension 'powershell' for command environment: Not usable outside of PowerShell
[1.511s] DEBUG:colcon.colcon_core.shell:Skip shell extension 'dsv' for command environment
[2.078s] INFO:colcon.colcon_core.task.python.build:Building Python package in '/home/jetson/ur_ws/src/ur_dev_bringup'
[2.079s] INFO:colcon.colcon_core.shell:Skip shell extension 'powershell' for command environment: Not usable outside of PowerShell
[2.079s] DEBUG:colcon.colcon_core.shell:Skip shell extension 'dsv' for command environment
[3.351s] DEBUG:colcon.colcon_core.event_handler.log_command:Invoking command in '/home/jetson/ur_ws/src/ur_dev_bringup': PYTHONPATH=/home/jetson/ur_ws/build/ur_dev_bringup/prefix_override:/usr/lib/python3/dist-packages/colcon_core/task/python/colcon_distutils_commands:/home/jetson/ur_ws/install/ur_dev_bringup/lib/python3.10/site-packages:${PYTHONPATH} /usr/bin/python3 -W ignore:setup.py install is deprecated -W ignore:easy_install command is deprecated setup.py egg_info --egg-base ../../build/ur_dev_bringup build --build-base /home/jetson/ur_ws/build/ur_dev_bringup/build install --record /home/jetson/ur_ws/build/ur_dev_bringup/install.log --single-version-externally-managed install_data
[3.945s] DEBUG:colcon.colcon_core.event_handler.log_command:Invoked command in '/home/jetson/ur_ws/src/ur_dev_bringup' returned '0': PYTHONPATH=/home/jetson/ur_ws/build/ur_dev_bringup/prefix_override:/usr/lib/python3/dist-packages/colcon_core/task/python/colcon_distutils_commands:/home/jetson/ur_ws/install/ur_dev_bringup/lib/python3.10/site-packages:${PYTHONPATH} /usr/bin/python3 -W ignore:setup.py install is deprecated -W ignore:easy_install command is deprecated setup.py egg_info --egg-base ../../build/ur_dev_bringup build --build-base /home/jetson/ur_ws/build/ur_dev_bringup/build install --record /home/jetson/ur_ws/build/ur_dev_bringup/install.log --single-version-externally-managed install_data
[3.973s] Level 1:colcon.colcon_core.environment:checking '/home/jetson/ur_ws/install/ur_dev_bringup' for CMake module files
[3.974s] Level 1:colcon.colcon_core.environment:checking '/home/jetson/ur_ws/install/ur_dev_bringup' for CMake config files
[3.976s] Level 1:colcon.colcon_core.environment:checking '/home/jetson/ur_ws/install/ur_dev_bringup/lib'
[3.976s] Level 1:colcon.colcon_core.environment:checking '/home/jetson/ur_ws/install/ur_dev_bringup/bin'
[3.976s] Level 1:colcon.colcon_core.environment:checking '/home/jetson/ur_ws/install/ur_dev_bringup/lib/pkgconfig/ur_dev_bringup.pc'
[3.977s] Level 1:colcon.colcon_core.environment:checking '/home/jetson/ur_ws/install/ur_dev_bringup/lib/python3.10/site-packages'
[3.977s] Level 1:colcon.colcon_core.shell:create_environment_hook('ur_dev_bringup', 'pythonpath')
[3.978s] INFO:colcon.colcon_core.shell:Creating environment hook '/home/jetson/ur_ws/install/ur_dev_bringup/share/ur_dev_bringup/hook/pythonpath.ps1'
[3.979s] INFO:colcon.colcon_core.shell:Creating environment descriptor '/home/jetson/ur_ws/install/ur_dev_bringup/share/ur_dev_bringup/hook/pythonpath.dsv'
[3.980s] INFO:colcon.colcon_core.shell:Creating environment hook '/home/jetson/ur_ws/install/ur_dev_bringup/share/ur_dev_bringup/hook/pythonpath.sh'
[3.983s] Level 1:colcon.colcon_core.environment:checking '/home/jetson/ur_ws/install/ur_dev_bringup/bin'
[3.983s] Level 1:colcon.colcon_core.environment:create_environment_scripts_only(ur_dev_bringup)
[3.984s] INFO:colcon.colcon_core.shell:Creating package script '/home/jetson/ur_ws/install/ur_dev_bringup/share/ur_dev_bringup/package.ps1'
[3.989s] INFO:colcon.colcon_core.shell:Creating package descriptor '/home/jetson/ur_ws/install/ur_dev_bringup/share/ur_dev_bringup/package.dsv'
[3.992s] INFO:colcon.colcon_core.shell:Creating package script '/home/jetson/ur_ws/install/ur_dev_bringup/share/ur_dev_bringup/package.sh'
[3.996s] INFO:colcon.colcon_core.shell:Creating package script '/home/jetson/ur_ws/install/ur_dev_bringup/share/ur_dev_bringup/package.bash'
[4.000s] INFO:colcon.colcon_core.shell:Creating package script '/home/jetson/ur_ws/install/ur_dev_bringup/share/ur_dev_bringup/package.zsh'
[4.006s] Level 1:colcon.colcon_core.environment:create_file_with_runtime_dependencies(/home/jetson/ur_ws/install/ur_dev_bringup/share/colcon-core/packages/ur_dev_bringup)
[4.009s] DEBUG:colcon.colcon_parallel_executor.executor.parallel:closing loop
[4.009s] DEBUG:colcon.colcon_parallel_executor.executor.parallel:loop closed
[4.010s] DEBUG:colcon.colcon_parallel_executor.executor.parallel:run_until_complete finished with '0'
[4.011s] DEBUG:colcon.colcon_core.event_reactor:joining thread
[4.040s] INFO:colcon.colcon_core.plugin_system:Skipping extension 'colcon_notification.desktop_notification.terminal_notifier': Not used on non-Darwin systems
[4.041s] INFO:colcon.colcon_core.plugin_system:Skipping extension 'colcon_notification.desktop_notification.win32': Not used on non-Windows systems
[4.041s] INFO:colcon.colcon_notification.desktop_notification:Sending desktop notification using 'notify2'
[4.086s] DEBUG:colcon.colcon_notification.desktop_notification.notify2:Failed to initialize notify2: org.freedesktop.DBus.Error.Spawn.ChildExited: Process org.freedesktop.Notifications exited with status 1
[4.087s] DEBUG:colcon.colcon_core.event_reactor:joined thread
[4.088s] INFO:colcon.colcon_core.shell:Creating prefix script '/home/jetson/ur_ws/install/local_setup.ps1'
[4.092s] INFO:colcon.colcon_core.shell:Creating prefix util module '/home/jetson/ur_ws/install/_local_setup_util_ps1.py'
[4.100s] INFO:colcon.colcon_core.shell:Creating prefix chain script '/home/jetson/ur_ws/install/setup.ps1'
[4.109s] INFO:colcon.colcon_core.shell:Creating prefix script '/home/jetson/ur_ws/install/local_setup.sh'
[4.113s] INFO:colcon.colcon_core.shell:Creating prefix util module '/home/jetson/ur_ws/install/_local_setup_util_sh.py'
[4.117s] INFO:colcon.colcon_core.shell:Creating prefix chain script '/home/jetson/ur_ws/install/setup.sh'
[4.123s] INFO:colcon.colcon_core.shell:Creating prefix script '/home/jetson/ur_ws/install/local_setup.bash'
[4.126s] INFO:colcon.colcon_core.shell:Creating prefix chain script '/home/jetson/ur_ws/install/setup.bash'
[4.133s] INFO:colcon.colcon_core.shell:Creating prefix script '/home/jetson/ur_ws/install/local_setup.zsh'
[4.137s] INFO:colcon.colcon_core.shell:Creating prefix chain script '/home/jetson/ur_ws/install/setup.zsh'
